c:\users\emile\desktop\tp3struct\x64\debug\vc141.pdb
c:\users\emile\desktop\tp3struct\x64\debug\vc141.idb
c:\users\emile\desktop\tp3struct\x64\debug\source.obj
c:\users\emile\desktop\tp3struct\x64\debug\tp3struct.pdb
c:\users\emile\desktop\tp3struct\x64\debug\tp3struct.tlog\cl.command.1.tlog
c:\users\emile\desktop\tp3struct\x64\debug\tp3struct.tlog\cl.read.1.tlog
c:\users\emile\desktop\tp3struct\x64\debug\tp3struct.tlog\cl.write.1.tlog
c:\users\emile\desktop\tp3struct\x64\debug\tp3struct.tlog\link-cvtres.read.1.tlog
c:\users\emile\desktop\tp3struct\x64\debug\tp3struct.tlog\link-cvtres.write.1.tlog
c:\users\emile\desktop\tp3struct\x64\debug\tp3struct.tlog\link-rc.read.1.tlog
c:\users\emile\desktop\tp3struct\x64\debug\tp3struct.tlog\link-rc.write.1.tlog
c:\users\emile\desktop\tp3struct\x64\debug\tp3struct.tlog\link.11456-cvtres.read.1.tlog
c:\users\emile\desktop\tp3struct\x64\debug\tp3struct.tlog\link.11456-cvtres.write.1.tlog
c:\users\emile\desktop\tp3struct\x64\debug\tp3struct.tlog\link.11456-rc.read.1.tlog
c:\users\emile\desktop\tp3struct\x64\debug\tp3struct.tlog\link.11456-rc.write.1.tlog
c:\users\emile\desktop\tp3struct\x64\debug\tp3struct.tlog\link.11456.read.1.tlog
c:\users\emile\desktop\tp3struct\x64\debug\tp3struct.tlog\link.11456.write.1.tlog
c:\users\emile\desktop\tp3struct\x64\debug\tp3struct.tlog\link.command.1.tlog
c:\users\emile\desktop\tp3struct\x64\debug\tp3struct.tlog\link.read.1.tlog
c:\users\emile\desktop\tp3struct\x64\debug\tp3struct.tlog\link.write.1.tlog
